app/manifest-merger-release-report.txt
-- Merging decision tree log ---
manifest
ADDED from AndroidManifest.xml:2:1
	xmlns:android
		ADDED from AndroidManifest.xml:2:11
	package
		ADDED from AndroidManifest.xml:3:5
		INJECTED from AndroidManifest.xml:0:0
		INJECTED from AndroidManifest.xml:0:0
	android:versionName
		INJECTED from AndroidManifest.xml:0:0
		INJECTED from AndroidManifest.xml:0:0
	android:versionCode
		INJECTED from AndroidManifest.xml:0:0
		INJECTED from AndroidManifest.xml:0:0
uses-permission#android.permission.INTERNET
ADDED from AndroidManifest.xml:5:5
	android:name
		ADDED from AndroidManifest.xml:5:22
uses-permission#android.permission.WRITE_EXTERNAL_STORAGE
ADDED from AndroidManifest.xml:6:5
	android:name
		ADDED from AndroidManifest.xml:6:22
application
ADDED from AndroidManifest.xml:8:5
MERGED from com.android.support:appcompat-v7:21.0.3:16:5
MERGED from com.android.support:support-v4:21.0.3:16:5
MERGED from com.android.support:recyclerview-v7:21.0.3:17:5
MERGED from com.android.support:support-v4:21.0.3:16:5
MERGED from com.android.support:cardview-v7:21.0.3:16:5
	android:label
		ADDED from AndroidManifest.xml:11:9
	android:allowBackup
		ADDED from AndroidManifest.xml:9:9
	android:icon
		ADDED from AndroidManifest.xml:10:9
	android:theme
		ADDED from AndroidManifest.xml:13:9
	android:name
		ADDED from AndroidManifest.xml:12:9
activity#ru.egor_d.instagramcollage.activity.MainActivity
ADDED from AndroidManifest.xml:14:9
	android:windowSoftInputMode
		ADDED from AndroidManifest.xml:17:13
	android:label
		ADDED from AndroidManifest.xml:16:13
	android:name
		ADDED from AndroidManifest.xml:15:13
intent-filter#android.intent.action.MAIN+android.intent.category.LAUNCHER
ADDED from AndroidManifest.xml:18:13
action#android.intent.action.MAIN
ADDED from AndroidManifest.xml:19:17
	android:name
		ADDED from AndroidManifest.xml:19:25
category#android.intent.category.LAUNCHER
ADDED from AndroidManifest.xml:21:17
	android:name
		ADDED from AndroidManifest.xml:21:27
activity#ru.egor_d.instagramcollage.activity.ChoosePhotosActivity
ADDED from AndroidManifest.xml:24:9
	android:name
		ADDED from AndroidManifest.xml:24:19
activity#ru.egor_d.instagramcollage.activity.CollageActivity
ADDED from AndroidManifest.xml:25:9
	android:name
		ADDED from AndroidManifest.xml:25:19
meta-data#AA_DB_NAME
ADDED from AndroidManifest.xml:27:9
	android:name
		ADDED from AndroidManifest.xml:27:20
	android:value
		ADDED from AndroidManifest.xml:27:46
meta-data#AA_DB_VERSION
ADDED from AndroidManifest.xml:28:9
	android:name
		ADDED from AndroidManifest.xml:28:20
	android:value
		ADDED from AndroidManifest.xml:28:49
uses-sdk
INJECTED from AndroidManifest.xml:0:0 reason: use-sdk injection requested
MERGED from com.android.support:appcompat-v7:21.0.3:15:5
MERGED from com.android.support:support-v4:21.0.3:15:5
MERGED from com.android.support:recyclerview-v7:21.0.3:15:5
MERGED from com.android.support:support-v4:21.0.3:15:5
MERGED from com.android.support:cardview-v7:21.0.3:15:5
	android:targetSdkVersion
		INJECTED from AndroidManifest.xml:0:0
		INJECTED from AndroidManifest.xml:0:0
	android:minSdkVersion
		INJECTED from AndroidManifest.xml:0:0
		INJECTED from AndroidManifest.xml:0:0
activity#android.support.v7.widget.TestActivity
ADDED from com.android.support:recyclerview-v7:21.0.3:18:9
	android:label
		ADDED from com.android.support:recyclerview-v7:21.0.3:18:19
	android:name
		ADDED from com.android.support:recyclerview-v7:21.0.3:18:60